c:\hjemmekode\c-sharp\myprojects\unitconverter\unitconverter\x64\debug\vc143.pdb
c:\hjemmekode\c-sharp\myprojects\unitconverter\unitconverter\x64\debug\vc143.idb
c:\hjemmekode\c-sharp\myprojects\unitconverter\unitconverter\x64\debug\unitconverter.obj
c:\hjemmekode\c-sharp\myprojects\unitconverter\unitconverter\x64\debug\unitconverter.ilk
c:\hjemmekode\c-sharp\myprojects\unitconverter\x64\debug\unitconverter.pdb
c:\hjemmekode\c-sharp\myprojects\unitconverter\unitconverter\x64\debug\unitconverter.tlog\cl.command.1.tlog
c:\hjemmekode\c-sharp\myprojects\unitconverter\unitconverter\x64\debug\unitconverter.tlog\cl.items.tlog
c:\hjemmekode\c-sharp\myprojects\unitconverter\unitconverter\x64\debug\unitconverter.tlog\cl.read.1.tlog
c:\hjemmekode\c-sharp\myprojects\unitconverter\unitconverter\x64\debug\unitconverter.tlog\cl.write.1.tlog
c:\hjemmekode\c-sharp\myprojects\unitconverter\unitconverter\x64\debug\unitconverter.tlog\link.3544-cvtres.read.1.tlog
c:\hjemmekode\c-sharp\myprojects\unitconverter\unitconverter\x64\debug\unitconverter.tlog\link.3544-cvtres.write.1.tlog
c:\hjemmekode\c-sharp\myprojects\unitconverter\unitconverter\x64\debug\unitconverter.tlog\link.3544-rc.read.1.tlog
c:\hjemmekode\c-sharp\myprojects\unitconverter\unitconverter\x64\debug\unitconverter.tlog\link.3544-rc.write.1.tlog
c:\hjemmekode\c-sharp\myprojects\unitconverter\unitconverter\x64\debug\unitconverter.tlog\link.3544.read.1.tlog
c:\hjemmekode\c-sharp\myprojects\unitconverter\unitconverter\x64\debug\unitconverter.tlog\link.3544.read.2.tlog
c:\hjemmekode\c-sharp\myprojects\unitconverter\unitconverter\x64\debug\unitconverter.tlog\link.3544.write.1.tlog
c:\hjemmekode\c-sharp\myprojects\unitconverter\unitconverter\x64\debug\unitconverter.tlog\link.command.1.tlog
c:\hjemmekode\c-sharp\myprojects\unitconverter\unitconverter\x64\debug\unitconverter.tlog\link.read.1.tlog
c:\hjemmekode\c-sharp\myprojects\unitconverter\unitconverter\x64\debug\unitconverter.tlog\link.secondary.1.tlog
c:\hjemmekode\c-sharp\myprojects\unitconverter\unitconverter\x64\debug\unitconverter.tlog\link.write.1.tlog
